running egg_info
creating build/hello_publisher/hello_publisher.egg-info
writing build/hello_publisher/hello_publisher.egg-info/PKG-INFO
writing dependency_links to build/hello_publisher/hello_publisher.egg-info/dependency_links.txt
writing entry points to build/hello_publisher/hello_publisher.egg-info/entry_points.txt
writing requirements to build/hello_publisher/hello_publisher.egg-info/requires.txt
writing top-level names to build/hello_publisher/hello_publisher.egg-info/top_level.txt
writing manifest file 'build/hello_publisher/hello_publisher.egg-info/SOURCES.txt'
reading manifest file 'build/hello_publisher/hello_publisher.egg-info/SOURCES.txt'
writing manifest file 'build/hello_publisher/hello_publisher.egg-info/SOURCES.txt'
running build
running build_py
creating /home/tar-tt069-anupam/Pictures/hello_publisher/build/hello_publisher/build
creating /home/tar-tt069-anupam/Pictures/hello_publisher/build/hello_publisher/build/lib
creating /home/tar-tt069-anupam/Pictures/hello_publisher/build/hello_publisher/build/lib/hello_publisher
copying hello_publisher/hello_node.py -> /home/tar-tt069-anupam/Pictures/hello_publisher/build/hello_publisher/build/lib/hello_publisher
copying hello_publisher/__init__.py -> /home/tar-tt069-anupam/Pictures/hello_publisher/build/hello_publisher/build/lib/hello_publisher
running install
running install_lib
creating /home/tar-tt069-anupam/Pictures/hello_publisher/install/hello_publisher/lib/python3.10/site-packages/hello_publisher
copying /home/tar-tt069-anupam/Pictures/hello_publisher/build/hello_publisher/build/lib/hello_publisher/hello_node.py -> /home/tar-tt069-anupam/Pictures/hello_publisher/install/hello_publisher/lib/python3.10/site-packages/hello_publisher
copying /home/tar-tt069-anupam/Pictures/hello_publisher/build/hello_publisher/build/lib/hello_publisher/__init__.py -> /home/tar-tt069-anupam/Pictures/hello_publisher/install/hello_publisher/lib/python3.10/site-packages/hello_publisher
byte-compiling /home/tar-tt069-anupam/Pictures/hello_publisher/install/hello_publisher/lib/python3.10/site-packages/hello_publisher/hello_node.py to hello_node.cpython-310.pyc
byte-compiling /home/tar-tt069-anupam/Pictures/hello_publisher/install/hello_publisher/lib/python3.10/site-packages/hello_publisher/__init__.py to __init__.cpython-310.pyc
running install_data
creating /home/tar-tt069-anupam/Pictures/hello_publisher/install/hello_publisher/share/ament_index
creating /home/tar-tt069-anupam/Pictures/hello_publisher/install/hello_publisher/share/ament_index/resource_index
creating /home/tar-tt069-anupam/Pictures/hello_publisher/install/hello_publisher/share/ament_index/resource_index/packages
copying resource/hello_publisher -> /home/tar-tt069-anupam/Pictures/hello_publisher/install/hello_publisher/share/ament_index/resource_index/packages
copying package.xml -> /home/tar-tt069-anupam/Pictures/hello_publisher/install/hello_publisher/share/hello_publisher
running install_egg_info
Copying build/hello_publisher/hello_publisher.egg-info to /home/tar-tt069-anupam/Pictures/hello_publisher/install/hello_publisher/lib/python3.10/site-packages/hello_publisher-0.0.0-py3.10.egg-info
running install_scripts
Installing hello_node script to /home/tar-tt069-anupam/Pictures/hello_publisher/install/hello_publisher/lib/hello_publisher
writing list of installed files to '/home/tar-tt069-anupam/Pictures/hello_publisher/build/hello_publisher/install.log'
