[0.528s] Invoking command in '/home/tar-tt069-anupam/Pictures/hello_publisher': PYTHONPATH=/home/tar-tt069-anupam/Pictures/hello_publisher/build/hello_publisher/prefix_override:/usr/lib/python3/dist-packages/colcon_core/task/python/colcon_distutils_commands:/home/tar-tt069-anupam/Pictures/hello_publisher/install/hello_publisher/lib/python3.10/site-packages:${PYTHONPATH} /usr/bin/python3 -W ignore:setup.py install is deprecated -W ignore:easy_install command is deprecated setup.py egg_info --egg-base build/hello_publisher build --build-base /home/tar-tt069-anupam/Pictures/hello_publisher/build/hello_publisher/build install --record /home/tar-tt069-anupam/Pictures/hello_publisher/build/hello_publisher/install.log --single-version-externally-managed install_data
[0.670s] running egg_info
[0.671s] creating build/hello_publisher/hello_publisher.egg-info
[0.671s] writing build/hello_publisher/hello_publisher.egg-info/PKG-INFO
[0.671s] writing dependency_links to build/hello_publisher/hello_publisher.egg-info/dependency_links.txt
[0.671s] writing entry points to build/hello_publisher/hello_publisher.egg-info/entry_points.txt
[0.671s] writing requirements to build/hello_publisher/hello_publisher.egg-info/requires.txt
[0.671s] writing top-level names to build/hello_publisher/hello_publisher.egg-info/top_level.txt
[0.677s] writing manifest file 'build/hello_publisher/hello_publisher.egg-info/SOURCES.txt'
[0.678s] reading manifest file 'build/hello_publisher/hello_publisher.egg-info/SOURCES.txt'
[0.678s] writing manifest file 'build/hello_publisher/hello_publisher.egg-info/SOURCES.txt'
[0.678s] running build
[0.678s] running build_py
[0.678s] creating /home/tar-tt069-anupam/Pictures/hello_publisher/build/hello_publisher/build
[0.678s] creating /home/tar-tt069-anupam/Pictures/hello_publisher/build/hello_publisher/build/lib
[0.678s] creating /home/tar-tt069-anupam/Pictures/hello_publisher/build/hello_publisher/build/lib/hello_publisher
[0.678s] copying hello_publisher/hello_node.py -> /home/tar-tt069-anupam/Pictures/hello_publisher/build/hello_publisher/build/lib/hello_publisher
[0.678s] copying hello_publisher/__init__.py -> /home/tar-tt069-anupam/Pictures/hello_publisher/build/hello_publisher/build/lib/hello_publisher
[0.678s] running install
[0.678s] running install_lib
[0.679s] creating /home/tar-tt069-anupam/Pictures/hello_publisher/install/hello_publisher/lib/python3.10/site-packages/hello_publisher
[0.679s] copying /home/tar-tt069-anupam/Pictures/hello_publisher/build/hello_publisher/build/lib/hello_publisher/hello_node.py -> /home/tar-tt069-anupam/Pictures/hello_publisher/install/hello_publisher/lib/python3.10/site-packages/hello_publisher
[0.679s] copying /home/tar-tt069-anupam/Pictures/hello_publisher/build/hello_publisher/build/lib/hello_publisher/__init__.py -> /home/tar-tt069-anupam/Pictures/hello_publisher/install/hello_publisher/lib/python3.10/site-packages/hello_publisher
[0.679s] byte-compiling /home/tar-tt069-anupam/Pictures/hello_publisher/install/hello_publisher/lib/python3.10/site-packages/hello_publisher/hello_node.py to hello_node.cpython-310.pyc
[0.679s] byte-compiling /home/tar-tt069-anupam/Pictures/hello_publisher/install/hello_publisher/lib/python3.10/site-packages/hello_publisher/__init__.py to __init__.cpython-310.pyc
[0.679s] running install_data
[0.679s] creating /home/tar-tt069-anupam/Pictures/hello_publisher/install/hello_publisher/share/ament_index
[0.679s] creating /home/tar-tt069-anupam/Pictures/hello_publisher/install/hello_publisher/share/ament_index/resource_index
[0.679s] creating /home/tar-tt069-anupam/Pictures/hello_publisher/install/hello_publisher/share/ament_index/resource_index/packages
[0.679s] copying resource/hello_publisher -> /home/tar-tt069-anupam/Pictures/hello_publisher/install/hello_publisher/share/ament_index/resource_index/packages
[0.679s] copying package.xml -> /home/tar-tt069-anupam/Pictures/hello_publisher/install/hello_publisher/share/hello_publisher
[0.679s] running install_egg_info
[0.680s] Copying build/hello_publisher/hello_publisher.egg-info to /home/tar-tt069-anupam/Pictures/hello_publisher/install/hello_publisher/lib/python3.10/site-packages/hello_publisher-0.0.0-py3.10.egg-info
[0.682s] running install_scripts
[0.694s] Installing hello_node script to /home/tar-tt069-anupam/Pictures/hello_publisher/install/hello_publisher/lib/hello_publisher
[0.694s] writing list of installed files to '/home/tar-tt069-anupam/Pictures/hello_publisher/build/hello_publisher/install.log'
[0.707s] Invoked command in '/home/tar-tt069-anupam/Pictures/hello_publisher' returned '0': PYTHONPATH=/home/tar-tt069-anupam/Pictures/hello_publisher/build/hello_publisher/prefix_override:/usr/lib/python3/dist-packages/colcon_core/task/python/colcon_distutils_commands:/home/tar-tt069-anupam/Pictures/hello_publisher/install/hello_publisher/lib/python3.10/site-packages:${PYTHONPATH} /usr/bin/python3 -W ignore:setup.py install is deprecated -W ignore:easy_install command is deprecated setup.py egg_info --egg-base build/hello_publisher build --build-base /home/tar-tt069-anupam/Pictures/hello_publisher/build/hello_publisher/build install --record /home/tar-tt069-anupam/Pictures/hello_publisher/build/hello_publisher/install.log --single-version-externally-managed install_data
